<?xml version="1.0" encoding="UTF-8"?>
<testng-results skipped="0" failed="0" total="2" passed="2">
  <reporter-output>
  </reporter-output>
  <suite name="Default suite" duration-ms="74" started-at="2021-12-12T06:35:34Z" finished-at="2021-12-12T06:35:34Z">
    <groups>
    </groups>
    <test name="Default test" duration-ms="74" started-at="2021-12-12T06:35:34Z" finished-at="2021-12-12T06:35:34Z">
      <class name="Ingenioustech.IngenioistechApp.LoginPage">
        <test-method status="PASS" signature="tc_01()[pri:0, instance:Ingenioustech.IngenioistechApp.LoginPage@7921b0a2]" name="tc_01" duration-ms="26" started-at="2021-12-12T12:05:34Z" finished-at="2021-12-12T12:05:34Z">
          <reporter-output>
          </reporter-output>
        </test-method> <!-- tc_01 -->
        <test-method status="PASS" signature="tc_02()[pri:0, instance:Ingenioustech.IngenioistechApp.LoginPage@7921b0a2]" name="tc_02" duration-ms="3" started-at="2021-12-12T12:05:34Z" finished-at="2021-12-12T12:05:34Z">
          <reporter-output>
          </reporter-output>
        </test-method> <!-- tc_02 -->
      </class> <!-- Ingenioustech.IngenioistechApp.LoginPage -->
    </test> <!-- Default test -->
  </suite> <!-- Default suite -->
</testng-results>
